[2024-06-13 15:42:31,130] 22 root -INFO data ingestion started
[2024-06-13 15:42:34,337] 25 root -INFO data reading from pandas dataframe is completed
[2024-06-13 15:42:37,118] 34 root -INFO train and test data split is completed
[2024-06-13 15:42:39,233] 41 root -INFO data ingestion is successfully completed
[2024-06-13 15:42:39,710] 78 root -INFO Read train and test data completed
[2024-06-13 15:42:39,723] 79 root -INFO Train Dataframe Head : 
       id  carat        cut color clarity  depth  table     x     y     z  price
0   32902   1.01      Ideal     I     SI2   62.1   56.0  6.39  6.41  3.98   4078
1   57798   1.08      Ideal     H     VS2   62.7   55.0  6.53  6.59  4.09   5851
2  126937   2.02    Premium     I     VS2   59.8   60.0  8.20  8.28  4.92  16383
3   78503   0.32  Very Good     G     SI1   63.0   56.0  4.33  4.36  2.74    477
4   22179   0.74       Good     E     SI2   63.4   64.0  5.76  5.71  3.63   2401
[2024-06-13 15:42:39,732] 80 root -INFO Test Dataframe Head  : 
       id  carat        cut color clarity  depth  table     x     y     z  price
0   14868   0.50      Ideal     D     SI1   62.1   57.0  5.05  5.08  3.14   1355
1  165613   2.00  Very Good     G     SI2   59.5   57.0  8.08  8.15  4.89  14691
2   96727   0.27    Premium     E    VVS1   60.5   59.0  4.19  4.16  2.52    844
3  145593   0.32    Premium     I    VVS1   61.2   59.0  4.43  4.44  2.71    707
4  118689   1.19      Ideal     H     SI1   62.5   56.0  6.77  6.81  4.23   5797
[2024-06-13 15:42:39,732] 82 root -INFO Obtaining preprocessing object
[2024-06-13 15:42:39,732] 28 root -INFO Data Transformation is started
[2024-06-13 15:42:39,732] 38 root -INFO pipeline is started
[2024-06-13 15:42:40,353] 100 root -INFO Applying preprocessing object on training and testing datasets.
[2024-06-13 15:42:40,367] 111 root -INFO Preprocessor pickle file saved
[2024-06-13 15:42:40,372] 28 root -INFO Split the dependent and indepenendent features from train and test data
[2024-06-13 17:32:22,898] 51 root -INFO Model Report : {'LinearRegression': 0.9361253831282493, 'Lasso': 0.9361107946795251, 'Ridge': 0.9361250094980922, 'ElasticNet': 0.8578188001773571, 'SVR': 0.8281852202334058, 'DecisionTreeRegressor': 0.9541848471585109}
[2024-06-13 17:32:22,907] 64 root -INFO Best Model Found , Model Name : DecisionTreeRegressor , R2 Score : 0.9541848471585109
[2024-06-13 17:32:22,908] 73 root -INFO Exception occured at Model Training
